<?xml version="1.0" encoding="UTF-8"?>
<!-- Generated by org.testng.reporters.JUnitXMLReporter -->
<testsuite ignored="0" hostname="DESKTOP-CT3E5ML" failures="1" tests="1" name="Functional" time="20.515" errors="0" timestamp="2020-03-24T22:57:39 GMT-07:00">
  <testcase classname="com.orangeHrm.testCase.TC_Login_001" name="login" time="7.113">
    <failure type="java.lang.AssertionError" message="expected [true] but found [false]">
      <![CDATA[java.lang.AssertionError: expected [true] but found [false]
at com.orangeHrm.testCase.TC_Login_001.login(TC_Login_001.java:39)
at java.base/java.util.ArrayList.forEach(ArrayList.java:1507)
... Removed 35 stack frames]]>
    </failure>
  </testcase> <!-- login -->
</testsuite> <!-- Functional -->
