<?xml version="1.0" encoding="UTF-8"?>
<!-- Generated by org.testng.reporters.JUnitXMLReporter -->
<testsuite ignored="0" hostname="Prajyot-PC" failures="1" tests="1" name="Functional" time="14.815" errors="0" timestamp="2020-03-05T23:41:38 EST">
  <testcase classname="com.orangeHrm.testCase.TC_Login_001" name="login" time="9.165">
    <failure type="java.lang.AssertionError" message="did not expect to find [true] but found [false]">
      <![CDATA[java.lang.AssertionError: did not expect to find [true] but found [false]
at com.orangeHrm.testCase.TC_Login_001.login(TC_Login_001.java:39)
at java.base/java.util.ArrayList.forEach(ArrayList.java:1507)
... Removed 31 stack frames]]>
    </failure>
  </testcase> <!-- login -->
</testsuite> <!-- Functional -->
