<?xml version="1.0" encoding="UTF-8"?>
<!-- Generated by org.testng.reporters.JUnitXMLReporter -->
<testsuite ignored="0" hostname="Prajyot-PC" failures="1" tests="3" name="Test" time="0.093" errors="0" timestamp="2020-03-05T12:46:22 EST">
  <testcase classname="ListenerExamples.TestngListenerExample" name="test1" time="0.016"/>
  <testcase classname="ListenerExamples.TestngListenerExample" name="test2" time="0.003">
    <failure type="java.lang.AssertionError" message="did not expect to find [true] but found [false]">
      <![CDATA[java.lang.AssertionError: did not expect to find [true] but found [false]
at ListenerExamples.TestngListenerExample.test2(TestngListenerExample.java:16)
at java.base/java.util.ArrayList.forEach(ArrayList.java:1507)
... Removed 31 stack frames]]>
    </failure>
  </testcase> <!-- test2 -->
  <testcase classname="ListenerExamples.TestngListenerExample" name="test3" time="0.0">
    <skipped/>
  </testcase> <!-- test3 -->
</testsuite> <!-- Test -->
