-------------------------------------------------------------------------------
Test set: TestSuite
-------------------------------------------------------------------------------
Tests run: 1, Failures: 1, Errors: 0, Skipped: 0, Time elapsed: 21.591 s <<< FAILURE! - in TestSuite
com.orangeHrm.testCase.TC_Login_001.login  Time elapsed: 7.534 s  <<< FAILURE!
java.lang.AssertionError: expected [true] but found [false]
	at com.orangeHrm.testCase.TC_Login_001.login(TC_Login_001.java:39)

