<?xml version="1.0" encoding="UTF-8"?>
<testng-results ignored="0" total="1" passed="1" failed="0" skipped="0">
  <reporter-output>
  </reporter-output>
  <suite started-at="2020-03-07T10:33:11 EST" name="Default suite" finished-at="2020-03-07T10:33:34 EST" duration-ms="23050">
    <groups>
    </groups>
    <test started-at="2020-03-07T10:33:11 EST" name="Default test" finished-at="2020-03-07T10:33:34 EST" duration-ms="23050">
      <class name="com.orangeHrm.testCase.TC_LoginDDT_002">
        <test-method is-config="true" signature="setUp()[pri:0, instance:com.orangeHrm.testCase.TC_LoginDDT_002@70be0a2b]" started-at="2020-03-07T10:33:11 EST" name="setUp" finished-at="2020-03-07T10:33:15 EST" duration-ms="4530" status="PASS">
          <reporter-output>
          </reporter-output>
        </test-method> <!-- setUp -->
        <test-method signature="loginDDT()[pri:0, instance:com.orangeHrm.testCase.TC_LoginDDT_002@70be0a2b]" started-at="2020-03-07T10:33:15 EST" name="loginDDT" finished-at="2020-03-07T10:33:33 EST" duration-ms="17723" status="PASS">
          <reporter-output>
          </reporter-output>
        </test-method> <!-- loginDDT -->
        <test-method is-config="true" signature="tearDown()[pri:0, instance:com.orangeHrm.testCase.TC_LoginDDT_002@70be0a2b]" started-at="2020-03-07T10:33:33 EST" name="tearDown" finished-at="2020-03-07T10:33:34 EST" duration-ms="736" status="PASS">
          <reporter-output>
          </reporter-output>
        </test-method> <!-- tearDown -->
      </class> <!-- com.orangeHrm.testCase.TC_LoginDDT_002 -->
    </test> <!-- Default test -->
  </suite> <!-- Default suite -->
</testng-results>
